# JRE version: OpenJDK Runtime Environment Microsoft-14653939 (17.0.20+8) (build 17.0.20+8-LTS)
# Java VM: OpenJDK 64-Bit Server VM Microsoft-14653939 (17.0.20+8-LTS, mixed mode, sharing, tiered, compressed oops, compressed class ptrs, g1 gc, windows-amd64)
GC Precious Log:
 CPUs: 16 total, 16 available
 Memory: 7597M
 Large Page Support: Disabled
 NUMA Support: Disabled
 Compressed Oops: Enabled (32-bit)
 Heap Region Size: 1M
 Heap Min Capacity: 8M
 Heap Initial Capacity: 120M
 Heap Max Capacity: 1900M
 Pre-touch: Disabled
 Parallel Workers: 13
 Concurrent Workers: 3
 Concurrent Refinement Workers: 13
 Periodic GC: Disabled
Heap:
 garbage-first heap   total 310272K, used 93206K [0x0000000089400000, 0x0000000100000000)
  region size 1024K, 3 young (3072K), 3 survivors (3072K)
 Metaspace       used 57955K, committed 58240K, reserved 1114112K
  class space    used 6420K, committed 6592K, reserved 1048576K
GC Heap History (20 events):
Event: 148.087 GC heap after
{Heap after GC invocations=27 (full 0):
 garbage-first heap   total 310272K, used 92939K [0x0000000089400000, 0x0000000100000000)
  region size 1024K, 3 young (3072K), 3 survivors (3072K)
 Metaspace       used 57870K, committed 58176K, reserved 1114112K
  class space    used 6420K, committed 6592K, reserved 1048576K
}
Event: 149.044 GC heap before
{Heap before GC invocations=27 (full 0):
 garbage-first heap   total 310272K, used 126731K [0x0000000089400000, 0x0000000100000000)
  region size 1024K, 36 young (36864K), 3 survivors (3072K)
 Metaspace       used 57873K, committed 58176K, reserved 1114112K
  class space    used 6420K, committed 6592K, reserved 1048576K
}
Event: 149.063 GC heap after
{Heap after GC invocations=28 (full 0):
 garbage-first heap   total 310272K, used 93024K [0x0000000089400000, 0x0000000100000000)
  region size 1024K, 3 young (3072K), 3 survivors (3072K)
 Metaspace       used 57873K, committed 58176K, reserved 1114112K
  class space    used 6420K, committed 6592K, reserved 1048576K
}
Event: 150.390 GC heap before
{Heap before GC invocations=28 (full 0):
 garbage-first heap   total 310272K, used 142176K [0x0000000089400000, 0x0000000100000000)
  region size 1024K, 51 young (52224K), 3 survivors (3072K)
 Metaspace       used 57873K, committed 58176K, reserved 1114112K
  class space    used 6420K, committed 6592K, reserved 1048576K
}
Event: 150.408 GC heap after
{Heap after GC invocations=29 (full 0):
 garbage-first heap   total 310272K, used 92912K [0x0000000089400000, 0x0000000100000000)
  region size 1024K, 3 young (3072K), 3 survivors (3072K)
 Metaspace       used 57873K, committed 58176K, reserved 1114112K
  class space    used 6420K, committed 6592K, reserved 1048576K
}
Event: 151.986 GC heap before
{Heap before GC invocations=29 (full 0):
 garbage-first heap   total 310272K, used 166640K [0x0000000089400000, 0x0000000100000000)
  region size 1024K, 75 young (76800K), 3 survivors (3072K)
 Metaspace       used 57873K, committed 58176K, reserved 1114112K
  class space    used 6420K, committed 6592K, reserved 1048576K
}
Event: 152.146 GC heap after
{Heap after GC invocations=30 (full 0):
 garbage-first heap   total 310272K, used 92985K [0x0000000089400000, 0x0000000100000000)
  region size 1024K, 3 young (3072K), 3 survivors (3072K)
 Metaspace       used 57873K, committed 58176K, reserved 1114112K
  class space    used 6420K, committed 6592K, reserved 1048576K
}
Event: 152.424 GC heap before
{Heap before GC invocations=30 (full 0):
 garbage-first heap   total 310272K, used 166713K [0x0000000089400000, 0x0000000100000000)
  region size 1024K, 75 young (76800K), 3 survivors (3072K)
 Metaspace       used 57874K, committed 58176K, reserved 1114112K
  class space    used 6420K, committed 6592K, reserved 1048576K
}
Event: 152.428 GC heap after
{Heap after GC invocations=31 (full 0):
 garbage-first heap   total 310272K, used 92984K [0x0000000089400000, 0x0000000100000000)
  region size 1024K, 3 young (3072K), 3 survivors (3072K)
 Metaspace       used 57874K, committed 58176K, reserved 1114112K
  class space    used 6420K, committed 6592K, reserved 1048576K
}
Event: 157.698 GC heap before
{Heap before GC invocations=31 (full 0):
 garbage-first heap   total 310272K, used 230200K [0x0000000089400000, 0x0000000100000000)
  region size 1024K, 137 young (140288K), 3 survivors (3072K)
 Metaspace       used 57885K, committed 58176K, reserved 1114112K
  class space    used 6420K, committed 6592K, reserved 1048576K
}
Event: 157.733 GC heap after
{Heap after GC invocations=32 (full 0):
 garbage-first heap   total 310272K, used 92863K [0x0000000089400000, 0x0000000100000000)
  region size 1024K, 3 young (3072K), 3 survivors (3072K)
 Metaspace       used 57885K, committed 58176K, reserved 1114112K
  class space    used 6420K, committed 6592K, reserved 1048576K
}
Event: 160.211 GC heap before
{Heap before GC invocations=32 (full 0):
 garbage-first heap   total 310272K, used 263871K [0x0000000089400000, 0x0000000100000000)
  region size 1024K, 170 young (174080K), 3 survivors (3072K)
 Metaspace       used 57911K, committed 58240K, reserved 1114112K
  class space    used 6420K, committed 6592K, reserved 1048576K
}
Event: 160.261 GC heap after
{Heap after GC invocations=33 (full 0):
 garbage-first heap   total 310272K, used 92908K [0x0000000089400000, 0x0000000100000000)
  region size 1024K, 3 young (3072K), 3 survivors (3072K)
 Metaspace       used 57911K, committed 58240K, reserved 1114112K
  class space    used 6420K, committed 6592K, reserved 1048576K
}
Event: 161.052 GC heap before
{Heap before GC invocations=33 (full 0):
 garbage-first heap   total 310272K, used 265964K [0x0000000089400000, 0x0000000100000000)
  region size 1024K, 172 young (176128K), 3 survivors (3072K)
 Metaspace       used 57937K, committed 58240K, reserved 1114112K
  class space    used 6420K, committed 6592K, reserved 1048576K
}
Event: 161.085 GC heap after
{Heap after GC invocations=34 (full 0):
 garbage-first heap   total 310272K, used 93109K [0x0000000089400000, 0x0000000100000000)
  region size 1024K, 3 young (3072K), 3 survivors (3072K)
 Metaspace       used 57937K, committed 58240K, reserved 1114112K
  class space    used 6420K, committed 6592K, reserved 1048576K
}
Event: 161.725 GC heap before
{Heap before GC invocations=34 (full 0):
 garbage-first heap   total 310272K, used 268213K [0x0000000089400000, 0x0000000100000000)
  region size 1024K, 174 young (178176K), 3 survivors (3072K)
 Metaspace       used 57949K, committed 58240K, reserved 1114112K
  class space    used 6420K, committed 6592K, reserved 1048576K
}
Event: 161.767 GC heap after
{Heap after GC invocations=35 (full 0):
 garbage-first heap   total 310272K, used 93392K [0x0000000089400000, 0x0000000100000000)
  region size 1024K, 3 young (3072K), 3 survivors (3072K)
 Metaspace       used 57949K, committed 58240K, reserved 1114112K
  class space    used 6420K, committed 6592K, reserved 1048576K
}
Event: 162.503 GC heap before
{Heap before GC invocations=35 (full 0):
 garbage-first heap   total 310272K, used 270544K [0x0000000089400000, 0x0000000100000000)
  region size 1024K, 176 young (180224K), 3 survivors (3072K)
 Metaspace       used 57954K, committed 58240K, reserved 1114112K
  class space    used 6420K, committed 6592K, reserved 1048576K
}
Event: 162.537 GC heap after
{Heap after GC invocations=36 (full 0):
 garbage-first heap   total 310272K, used 93280K [0x0000000089400000, 0x0000000100000000)
  region size 1024K, 3 young (3072K), 3 survivors (3072K)
 Metaspace       used 57954K, committed 58240K, reserved 1114112K
  class space    used 6420K, committed 6592K, reserved 1048576K
}
Event: 163.349 GC heap before
{Heap before GC invocations=36 (full 0):
 garbage-first heap   total 310272K, used 271456K [0x0000000089400000, 0x0000000100000000)
  region size 1024K, 177 young (181248K), 3 survivors (3072K)
 Metaspace       used 57955K, committed 58240K, reserved 1114112K
  class space    used 6420K, committed 6592K, reserved 1048576K
}

